[root@kernel-update vagrant]# yum install epel-release -y && yum install spawn-fcgi php php-cli mod_fcgid httpd -y
Failed to set locale, defaulting to C
Loaded plugins: fastestmirror
Determining fastest mirrors
 * base: mirror.corbina.net
 * extras: mirror.corbina.net
 * updates: mirrors.powernet.com.ru
base                                                                                             | 3.6 kB  00:00:00     
extras                                                                                           | 2.9 kB  00:00:00     
updates                                                                                          | 2.9 kB  00:00:00     
(1/4): base/7/x86_64/group_gz                                                                    | 153 kB  00:00:00     
(2/4): extras/7/x86_64/primary_db                                                                | 254 kB  00:00:00     
(3/4): base/7/x86_64/primary_db                                                                  | 6.1 MB  00:00:04     
(4/4): updates/7/x86_64/primary_db                                                               |  26 MB  00:00:09     
Resolving Dependencies
--> Running transaction check
---> Package epel-release.noarch 0:7-11 will be installed
--> Finished Dependency Resolution

Dependencies Resolved

========================================================================================================================
 Package                          Arch                       Version                   Repository                  Size
========================================================================================================================
Installing:
 epel-release                     noarch                     7-11                      extras                      15 k

Transaction Summary
========================================================================================================================
Install  1 Package

Total download size: 15 k
Installed size: 24 k
Downloading packages:
warning: /var/cache/yum/x86_64/7/extras/packages/epel-release-7-11.noarch.rpm: Header V3 RSA/SHA256 Signature, key ID f4a80eb5: NOKEY
Public key for epel-release-7-11.noarch.rpm is not installed
epel-release-7-11.noarch.rpm                                                                     |  15 kB  00:00:00     
Retrieving key from file:///etc/pki/rpm-gpg/RPM-GPG-KEY-CentOS-7
Importing GPG key 0xF4A80EB5:
 Userid     : "CentOS-7 Key (CentOS 7 Official Signing Key) <security@centos.org>"
 Fingerprint: 6341 ab27 53d7 8a78 a7c2 7bb1 24c6 a8a7 f4a8 0eb5
 Package    : centos-release-7-8.2003.0.el7.centos.x86_64 (@anaconda)
 From       : /etc/pki/rpm-gpg/RPM-GPG-KEY-CentOS-7
Running transaction check
Running transaction test
Transaction test succeeded
Running transaction
  Installing : epel-release-7-11.noarch                                                                             1/1 
  Verifying  : epel-release-7-11.noarch                                                                             1/1 

Installed:
  epel-release.noarch 0:7-11                                                                                            

Complete!
Failed to set locale, defaulting to C
Loaded plugins: fastestmirror
Loading mirror speeds from cached hostfile
epel/x86_64/metalink                                                                             |  25 kB  00:00:00     
 * base: mirror.corbina.net
 * epel: mirror.yandex.ru
 * extras: mirror.corbina.net
 * updates: mirrors.powernet.com.ru
epel                                                                                             | 4.7 kB  00:00:00     
(1/3): epel/x86_64/group_gz                                                                      | 100 kB  00:00:00     
(2/3): epel/x86_64/updateinfo                                                                    | 1.0 MB  00:00:02     
(3/3): epel/x86_64/primary_db                                                                    | 7.0 MB  00:00:04     
Resolving Dependencies
--> Running transaction check
---> Package httpd.x86_64 0:2.4.6-99.el7.centos.1 will be installed
--> Processing Dependency: httpd-tools = 2.4.6-99.el7.centos.1 for package: httpd-2.4.6-99.el7.centos.1.x86_64
--> Processing Dependency: system-logos >= 7.92.1-1 for package: httpd-2.4.6-99.el7.centos.1.x86_64
--> Processing Dependency: /etc/mime.types for package: httpd-2.4.6-99.el7.centos.1.x86_64
--> Processing Dependency: libaprutil-1.so.0()(64bit) for package: httpd-2.4.6-99.el7.centos.1.x86_64
--> Processing Dependency: libapr-1.so.0()(64bit) for package: httpd-2.4.6-99.el7.centos.1.x86_64
---> Package mod_fcgid.x86_64 0:2.3.9-6.el7 will be installed
---> Package php.x86_64 0:5.4.16-48.el7 will be installed
--> Processing Dependency: php-common(x86-64) = 5.4.16-48.el7 for package: php-5.4.16-48.el7.x86_64
---> Package php-cli.x86_64 0:5.4.16-48.el7 will be installed
---> Package spawn-fcgi.x86_64 0:1.6.3-5.el7 will be installed
--> Running transaction check
---> Package apr.x86_64 0:1.4.8-7.el7 will be installed
---> Package apr-util.x86_64 0:1.5.2-6.el7_9.1 will be installed
---> Package centos-logos.noarch 0:70.0.6-3.el7.centos will be installed
---> Package httpd-tools.x86_64 0:2.4.6-99.el7.centos.1 will be installed
---> Package mailcap.noarch 0:2.1.41-2.el7 will be installed
---> Package php-common.x86_64 0:5.4.16-48.el7 will be installed
--> Processing Dependency: libzip.so.2()(64bit) for package: php-common-5.4.16-48.el7.x86_64
--> Running transaction check
---> Package libzip.x86_64 0:0.10.1-8.el7 will be installed
--> Finished Dependency Resolution

Dependencies Resolved

========================================================================================================================
 Package                     Arch                  Version                                 Repository              Size
========================================================================================================================
Installing:
 httpd                       x86_64                2.4.6-99.el7.centos.1                   updates                2.7 M
 mod_fcgid                   x86_64                2.3.9-6.el7                             base                    79 k
 php                         x86_64                5.4.16-48.el7                           base                   1.4 M
 php-cli                     x86_64                5.4.16-48.el7                           base                   2.7 M
 spawn-fcgi                  x86_64                1.6.3-5.el7                             epel                    18 k
Installing for dependencies:
 apr                         x86_64                1.4.8-7.el7                             base                   104 k
 apr-util                    x86_64                1.5.2-6.el7_9.1                         updates                 92 k
 centos-logos                noarch                70.0.6-3.el7.centos                     base                    21 M
 httpd-tools                 x86_64                2.4.6-99.el7.centos.1                   updates                 94 k
 libzip                      x86_64                0.10.1-8.el7                            base                    48 k
 mailcap                     noarch                2.1.41-2.el7                            base                    31 k
 php-common                  x86_64                5.4.16-48.el7                           base                   565 k

Transaction Summary
========================================================================================================================
Install  5 Packages (+7 Dependent packages)

Total download size: 29 M
Installed size: 49 M
Downloading packages:
(1/12): apr-1.4.8-7.el7.x86_64.rpm                                                               | 104 kB  00:00:00     
(2/12): apr-util-1.5.2-6.el7_9.1.x86_64.rpm                                                      |  92 kB  00:00:00     
(3/12): libzip-0.10.1-8.el7.x86_64.rpm                                                           |  48 kB  00:00:00     
(4/12): httpd-tools-2.4.6-99.el7.centos.1.x86_64.rpm                                             |  94 kB  00:00:00     
(5/12): mod_fcgid-2.3.9-6.el7.x86_64.rpm                                                         |  79 kB  00:00:00     
(6/12): mailcap-2.1.41-2.el7.noarch.rpm                                                          |  31 kB  00:00:00     
(7/12): php-common-5.4.16-48.el7.x86_64.rpm                                                      | 565 kB  00:00:00     
(8/12): php-5.4.16-48.el7.x86_64.rpm                                                             | 1.4 MB  00:00:00     
warning: /var/cache/yum/x86_64/7/epel/packages/spawn-fcgi-1.6.3-5.el7.x86_64.rpm: Header V3 RSA/SHA256 Signature, key ID 352c64e5: NOKEY
Public key for spawn-fcgi-1.6.3-5.el7.x86_64.rpm is not installed
(9/12): spawn-fcgi-1.6.3-5.el7.x86_64.rpm                                                        |  18 kB  00:00:00     
(10/12): httpd-2.4.6-99.el7.centos.1.x86_64.rpm                                                  | 2.7 MB  00:00:02     
(11/12): php-cli-5.4.16-48.el7.x86_64.rpm                                                        | 2.7 MB  00:00:01     
(12/12): centos-logos-70.0.6-3.el7.centos.noarch.rpm                                             |  21 MB  00:00:08     
------------------------------------------------------------------------------------------------------------------------
Total                                                                                   3.6 MB/s |  29 MB  00:00:08     
Retrieving key from file:///etc/pki/rpm-gpg/RPM-GPG-KEY-EPEL-7
Importing GPG key 0x352C64E5:
 Userid     : "Fedora EPEL (7) <epel@fedoraproject.org>"
 Fingerprint: 91e9 7d7c 4a5e 96f1 7f3e 888f 6a2f aea2 352c 64e5
 Package    : epel-release-7-11.noarch (@extras)
 From       : /etc/pki/rpm-gpg/RPM-GPG-KEY-EPEL-7
Running transaction check
Running transaction test
Transaction test succeeded
Running transaction
  Installing : apr-1.4.8-7.el7.x86_64                                                                              1/12 
  Installing : apr-util-1.5.2-6.el7_9.1.x86_64                                                                     2/12 
  Installing : httpd-tools-2.4.6-99.el7.centos.1.x86_64                                                            3/12 
  Installing : centos-logos-70.0.6-3.el7.centos.noarch                                                             4/12 
  Installing : libzip-0.10.1-8.el7.x86_64                                                                          5/12 
  Installing : php-common-5.4.16-48.el7.x86_64                                                                     6/12 
  Installing : php-cli-5.4.16-48.el7.x86_64                                                                        7/12 
  Installing : mailcap-2.1.41-2.el7.noarch                                                                         8/12 
  Installing : httpd-2.4.6-99.el7.centos.1.x86_64                                                                  9/12 
  Installing : mod_fcgid-2.3.9-6.el7.x86_64                                                                       10/12 
  Installing : php-5.4.16-48.el7.x86_64                                                                           11/12 
  Installing : spawn-fcgi-1.6.3-5.el7.x86_64                                                                      12/12 
  Verifying  : mod_fcgid-2.3.9-6.el7.x86_64                                                                        1/12 
  Verifying  : spawn-fcgi-1.6.3-5.el7.x86_64                                                                       2/12 
  Verifying  : mailcap-2.1.41-2.el7.noarch                                                                         3/12 
  Verifying  : apr-1.4.8-7.el7.x86_64                                                                              4/12 
  Verifying  : php-cli-5.4.16-48.el7.x86_64                                                                        5/12 
  Verifying  : httpd-2.4.6-99.el7.centos.1.x86_64                                                                  6/12 
  Verifying  : libzip-0.10.1-8.el7.x86_64                                                                          7/12 
  Verifying  : php-common-5.4.16-48.el7.x86_64                                                                     8/12 
  Verifying  : php-5.4.16-48.el7.x86_64                                                                            9/12 
  Verifying  : apr-util-1.5.2-6.el7_9.1.x86_64                                                                    10/12 
  Verifying  : centos-logos-70.0.6-3.el7.centos.noarch                                                            11/12 
  Verifying  : httpd-tools-2.4.6-99.el7.centos.1.x86_64                                                           12/12 

Installed:
  httpd.x86_64 0:2.4.6-99.el7.centos.1        mod_fcgid.x86_64 0:2.3.9-6.el7         php.x86_64 0:5.4.16-48.el7       
  php-cli.x86_64 0:5.4.16-48.el7              spawn-fcgi.x86_64 0:1.6.3-5.el7       

Dependency Installed:
  apr.x86_64 0:1.4.8-7.el7                                   apr-util.x86_64 0:1.5.2-6.el7_9.1                          
  centos-logos.noarch 0:70.0.6-3.el7.centos                  httpd-tools.x86_64 0:2.4.6-99.el7.centos.1                 
  libzip.x86_64 0:0.10.1-8.el7                               mailcap.noarch 0:2.1.41-2.el7                              
  php-common.x86_64 0:5.4.16-48.el7                         

Complete!
[root@kernel-update vagrant]# 
[root@kernel-update vagrant]# 
[root@kernel-update vagrant]# 
[root@kernel-update vagrant]# 
[root@kernel-update vagrant]# vi /etc/sysconfig/spawn-fcgi 
[root@kernel-update vagrant]# touch /etc/systemd/system/spawn-fcgi.service
[root@kernel-update vagrant]# vi /etc/systemd/system/spawn-fcgi.service
[root@kernel-update vagrant]# systemctl start spawn-fcgi.service 
[root@kernel-update vagrant]# systemctl status spawn-fcgi.service 
● spawn-fcgi.service - Spawn-fcgi startup service by Otus
   Loaded: loaded (/etc/systemd/system/spawn-fcgi.service; disabled; vendor preset: disabled)
   Active: active (running) since Fri 2024-03-29 10:08:00 UTC; 11s ago
 Main PID: 2707 (php-cgi)
   CGroup: /system.slice/spawn-fcgi.service
           ├─2707 /usr/bin/php-cgi
           ├─2708 /usr/bin/php-cgi
           ├─2709 /usr/bin/php-cgi
           ├─2710 /usr/bin/php-cgi
           ├─2711 /usr/bin/php-cgi
           ├─2712 /usr/bin/php-cgi
           ├─2713 /usr/bin/php-cgi
           ├─2714 /usr/bin/php-cgi
           ├─2715 /usr/bin/php-cgi
           ├─2716 /usr/bin/php-cgi
           ├─2717 /usr/bin/php-cgi
           ├─2718 /usr/bin/php-cgi
           ├─2719 /usr/bin/php-cgi
           ├─2720 /usr/bin/php-cgi
           ├─2721 /usr/bin/php-cgi
           ├─2722 /usr/bin/php-cgi
           ├─2723 /usr/bin/php-cgi
           ├─2724 /usr/bin/php-cgi
           ├─2725 /usr/bin/php-cgi
           ├─2726 /usr/bin/php-cgi
           ├─2727 /usr/bin/php-cgi
           ├─2728 /usr/bin/php-cgi
           ├─2729 /usr/bin/php-cgi
           ├─2730 /usr/bin/php-cgi
           ├─2731 /usr/bin/php-cgi
           ├─2732 /usr/bin/php-cgi
           ├─2733 /usr/bin/php-cgi
           ├─2734 /usr/bin/php-cgi
           ├─2735 /usr/bin/php-cgi
           ├─2736 /usr/bin/php-cgi
           ├─2737 /usr/bin/php-cgi
           ├─2738 /usr/bin/php-cgi
           └─2739 /usr/bin/php-cgi

Mar 29 10:08:00 kernel-update systemd[1]: Started Spawn-fcgi startup service by Otus.
[root@kernel-update vagrant]# 
[root@kernel-update vagrant]# 
[root@kernel-update vagrant]# 
[root@kernel-update vagrant]# 

